<?xml version="1.0" encoding="UTF-8"?>
<testsuite xmlns:xsi="http://www.w3.org/2001/XMLSchema-instance" xsi:noNamespaceSchemaLocation="https://maven.apache.org/surefire/maven-surefire-plugin/xsd/surefire-test-report-3.0.xsd" version="3.0" name="org.example.SecurityService.SecurityServiceTest" time="0.558" tests="25" errors="0" skipped="0" failures="0">
  <properties>
    <property name="java.specification.version" value="14"/>
    <property name="sun.cpu.isalist" value="amd64"/>
    <property name="sun.jnu.encoding" value="GBK"/>
    <property name="java.class.path" value="D:\JAVA\UdaSecurity\Security\target\test-classes;C:\Users\charlie\.m2\repository\com\google\guava\failureaccess\1.0.1\failureaccess-1.0.1.jar;C:\Users\charlie\.m2\repository\com\google\guava\listenablefuture\9999.0-empty-to-avoid-conflict-with-guava\listenablefuture-9999.0-empty-to-avoid-conflict-with-guava.jar;C:\Users\charlie\.m2\repository\com\google\code\findbugs\jsr305\3.0.2\jsr305-3.0.2.jar;C:\Users\charlie\.m2\repository\org\checkerframework\checker-qual\3.12.0\checker-qual-3.12.0.jar;C:\Users\charlie\.m2\repository\com\google\errorprone\error_prone_annotations\2.11.0\error_prone_annotations-2.11.0.jar;C:\Users\charlie\.m2\repository\com\google\j2objc\j2objc-annotations\1.3\j2objc-annotations-1.3.jar;C:\Users\charlie\.m2\repository\software\amazon\awssdk\annotations\2.17.198\annotations-2.17.198.jar;C:\Users\charlie\.m2\repository\software\amazon\awssdk\utils\2.17.198\utils-2.17.198.jar;C:\Users\charlie\.m2\repository\org\reactivestreams\reactive-streams\1.0.3\reactive-streams-1.0.3.jar;C:\Users\charlie\.m2\repository\software\amazon\awssdk\profiles\2.17.198\profiles-2.17.198.jar;C:\Users\charlie\.m2\repository\software\amazon\awssdk\http-client-spi\2.17.198\http-client-spi-2.17.198.jar;C:\Users\charlie\.m2\repository\software\amazon\awssdk\json-utils\2.17.198\json-utils-2.17.198.jar;C:\Users\charlie\.m2\repository\software\amazon\awssdk\third-party-jackson-core\2.17.198\third-party-jackson-core-2.17.198.jar;C:\Users\charlie\.m2\repository\software\amazon\eventstream\eventstream\1.0.1\eventstream-1.0.1.jar;C:\Users\charlie\.m2\repository\software\amazon\awssdk\protocol-core\2.17.198\protocol-core-2.17.198.jar;C:\Users\charlie\.m2\repository\software\amazon\awssdk\aws-json-protocol\2.17.198\aws-json-protocol-2.17.198.jar;C:\Users\charlie\.m2\repository\software\amazon\awssdk\aws-core\2.17.198\aws-core-2.17.198.jar;C:\Users\charlie\.m2\repository\software\amazon\awssdk\metrics-spi\2.17.198\metrics-spi-2.17.198.jar;C:\Users\charlie\.m2\repository\software\amazon\awssdk\apache-client\2.17.198\apache-client-2.17.198.jar;C:\Users\charlie\.m2\repository\org\apache\httpcomponents\httpclient\4.5.13\httpclient-4.5.13.jar;C:\Users\charlie\.m2\repository\commons-logging\commons-logging\1.2\commons-logging-1.2.jar;C:\Users\charlie\.m2\repository\commons-codec\commons-codec\1.11\commons-codec-1.11.jar;C:\Users\charlie\.m2\repository\org\apache\httpcomponents\httpcore\4.4.13\httpcore-4.4.13.jar;C:\Users\charlie\.m2\repository\software\amazon\awssdk\netty-nio-client\2.17.198\netty-nio-client-2.17.198.jar;C:\Users\charlie\.m2\repository\io\netty\netty-codec-http\4.1.77.Final\netty-codec-http-4.1.77.Final.jar;C:\Users\charlie\.m2\repository\io\netty\netty-codec-http2\4.1.77.Final\netty-codec-http2-4.1.77.Final.jar;C:\Users\charlie\.m2\repository\io\netty\netty-codec\4.1.77.Final\netty-codec-4.1.77.Final.jar;C:\Users\charlie\.m2\repository\io\netty\netty-transport\4.1.77.Final\netty-transport-4.1.77.Final.jar;C:\Users\charlie\.m2\repository\io\netty\netty-resolver\4.1.77.Final\netty-resolver-4.1.77.Final.jar;C:\Users\charlie\.m2\repository\io\netty\netty-common\4.1.77.Final\netty-common-4.1.77.Final.jar;C:\Users\charlie\.m2\repository\io\netty\netty-buffer\4.1.77.Final\netty-buffer-4.1.77.Final.jar;C:\Users\charlie\.m2\repository\io\netty\netty-handler\4.1.77.Final\netty-handler-4.1.77.Final.jar;C:\Users\charlie\.m2\repository\io\netty\netty-transport-classes-epoll\4.1.77.Final\netty-transport-classes-epoll-4.1.77.Final.jar;C:\Users\charlie\.m2\repository\io\netty\netty-transport-native-unix-common\4.1.77.Final\netty-transport-native-unix-common-4.1.77.Final.jar;C:\Users\charlie\.m2\repository\com\typesafe\netty\netty-reactive-streams-http\2.0.5\netty-reactive-streams-http-2.0.5.jar;C:\Users\charlie\.m2\repository\com\typesafe\netty\netty-reactive-streams\2.0.5\netty-reactive-streams-2.0.5.jar;C:\Users\charlie\.m2\repository\org\junit\jupiter\junit-jupiter-params\5.8.2\junit-jupiter-params-5.8.2.jar;C:\Users\charlie\.m2\repository\org\junit\jupiter\junit-jupiter-api\5.8.2\junit-jupiter-api-5.8.2.jar;C:\Users\charlie\.m2\repository\org\opentest4j\opentest4j\1.2.0\opentest4j-1.2.0.jar;C:\Users\charlie\.m2\repository\org\junit\platform\junit-platform-commons\1.8.2\junit-platform-commons-1.8.2.jar;C:\Users\charlie\.m2\repository\org\apiguardian\apiguardian-api\1.1.2\apiguardian-api-1.1.2.jar;C:\Users\charlie\.m2\repository\org\mockito\mockito-junit-jupiter\4.5.1\mockito-junit-jupiter-4.5.1.jar;C:\Users\charlie\.m2\repository\org\mockito\mockito-core\4.5.1\mockito-core-4.5.1.jar;C:\Users\charlie\.m2\repository\net\bytebuddy\byte-buddy\1.12.9\byte-buddy-1.12.9.jar;C:\Users\charlie\.m2\repository\net\bytebuddy\byte-buddy-agent\1.12.9\byte-buddy-agent-1.12.9.jar;C:\Users\charlie\.m2\repository\org\objenesis\objenesis\3.2\objenesis-3.2.jar;"/>
    <property name="java.vm.vendor" value="Oracle Corporation"/>
    <property name="sun.arch.data.model" value="64"/>
    <property name="user.variant" value=""/>
    <property name="java.vendor.url" value="https://java.oracle.com/"/>
    <property name="user.timezone" value="Europe/London"/>
    <property name="user.country.format" value="CN"/>
    <property name="os.name" value="Windows 10"/>
    <property name="java.vm.specification.version" value="14"/>
    <property name="sun.java.launcher" value="SUN_STANDARD"/>
    <property name="user.country" value="US"/>
    <property name="sun.boot.library.path" value="C:\Program Files\Java\jdk-14.0.2\bin"/>
    <property name="sun.java.command" value="org.apache.maven.surefire.booter.ForkedBooter C:\Users\charlie\AppData\Local\Temp\surefire2116388719941914574 2022-05-31T18-36-39_560-jvmRun1 surefire13921093752640184236tmp surefire_08406433132464512282tmp"/>
    <property name="jdk.debug" value="release"/>
    <property name="surefire.test.class.path" value="D:\JAVA\UdaSecurity\Security\target\test-classes;C:\Users\charlie\.m2\repository\com\google\guava\failureaccess\1.0.1\failureaccess-1.0.1.jar;C:\Users\charlie\.m2\repository\com\google\guava\listenablefuture\9999.0-empty-to-avoid-conflict-with-guava\listenablefuture-9999.0-empty-to-avoid-conflict-with-guava.jar;C:\Users\charlie\.m2\repository\com\google\code\findbugs\jsr305\3.0.2\jsr305-3.0.2.jar;C:\Users\charlie\.m2\repository\org\checkerframework\checker-qual\3.12.0\checker-qual-3.12.0.jar;C:\Users\charlie\.m2\repository\com\google\errorprone\error_prone_annotations\2.11.0\error_prone_annotations-2.11.0.jar;C:\Users\charlie\.m2\repository\com\google\j2objc\j2objc-annotations\1.3\j2objc-annotations-1.3.jar;C:\Users\charlie\.m2\repository\software\amazon\awssdk\annotations\2.17.198\annotations-2.17.198.jar;C:\Users\charlie\.m2\repository\software\amazon\awssdk\utils\2.17.198\utils-2.17.198.jar;C:\Users\charlie\.m2\repository\org\reactivestreams\reactive-streams\1.0.3\reactive-streams-1.0.3.jar;C:\Users\charlie\.m2\repository\software\amazon\awssdk\profiles\2.17.198\profiles-2.17.198.jar;C:\Users\charlie\.m2\repository\software\amazon\awssdk\http-client-spi\2.17.198\http-client-spi-2.17.198.jar;C:\Users\charlie\.m2\repository\software\amazon\awssdk\json-utils\2.17.198\json-utils-2.17.198.jar;C:\Users\charlie\.m2\repository\software\amazon\awssdk\third-party-jackson-core\2.17.198\third-party-jackson-core-2.17.198.jar;C:\Users\charlie\.m2\repository\software\amazon\eventstream\eventstream\1.0.1\eventstream-1.0.1.jar;C:\Users\charlie\.m2\repository\software\amazon\awssdk\protocol-core\2.17.198\protocol-core-2.17.198.jar;C:\Users\charlie\.m2\repository\software\amazon\awssdk\aws-json-protocol\2.17.198\aws-json-protocol-2.17.198.jar;C:\Users\charlie\.m2\repository\software\amazon\awssdk\aws-core\2.17.198\aws-core-2.17.198.jar;C:\Users\charlie\.m2\repository\software\amazon\awssdk\metrics-spi\2.17.198\metrics-spi-2.17.198.jar;C:\Users\charlie\.m2\repository\software\amazon\awssdk\apache-client\2.17.198\apache-client-2.17.198.jar;C:\Users\charlie\.m2\repository\org\apache\httpcomponents\httpclient\4.5.13\httpclient-4.5.13.jar;C:\Users\charlie\.m2\repository\commons-logging\commons-logging\1.2\commons-logging-1.2.jar;C:\Users\charlie\.m2\repository\commons-codec\commons-codec\1.11\commons-codec-1.11.jar;C:\Users\charlie\.m2\repository\org\apache\httpcomponents\httpcore\4.4.13\httpcore-4.4.13.jar;C:\Users\charlie\.m2\repository\software\amazon\awssdk\netty-nio-client\2.17.198\netty-nio-client-2.17.198.jar;C:\Users\charlie\.m2\repository\io\netty\netty-codec-http\4.1.77.Final\netty-codec-http-4.1.77.Final.jar;C:\Users\charlie\.m2\repository\io\netty\netty-codec-http2\4.1.77.Final\netty-codec-http2-4.1.77.Final.jar;C:\Users\charlie\.m2\repository\io\netty\netty-codec\4.1.77.Final\netty-codec-4.1.77.Final.jar;C:\Users\charlie\.m2\repository\io\netty\netty-transport\4.1.77.Final\netty-transport-4.1.77.Final.jar;C:\Users\charlie\.m2\repository\io\netty\netty-resolver\4.1.77.Final\netty-resolver-4.1.77.Final.jar;C:\Users\charlie\.m2\repository\io\netty\netty-common\4.1.77.Final\netty-common-4.1.77.Final.jar;C:\Users\charlie\.m2\repository\io\netty\netty-buffer\4.1.77.Final\netty-buffer-4.1.77.Final.jar;C:\Users\charlie\.m2\repository\io\netty\netty-handler\4.1.77.Final\netty-handler-4.1.77.Final.jar;C:\Users\charlie\.m2\repository\io\netty\netty-transport-classes-epoll\4.1.77.Final\netty-transport-classes-epoll-4.1.77.Final.jar;C:\Users\charlie\.m2\repository\io\netty\netty-transport-native-unix-common\4.1.77.Final\netty-transport-native-unix-common-4.1.77.Final.jar;C:\Users\charlie\.m2\repository\com\typesafe\netty\netty-reactive-streams-http\2.0.5\netty-reactive-streams-http-2.0.5.jar;C:\Users\charlie\.m2\repository\com\typesafe\netty\netty-reactive-streams\2.0.5\netty-reactive-streams-2.0.5.jar;C:\Users\charlie\.m2\repository\org\junit\jupiter\junit-jupiter-params\5.8.2\junit-jupiter-params-5.8.2.jar;C:\Users\charlie\.m2\repository\org\junit\jupiter\junit-jupiter-api\5.8.2\junit-jupiter-api-5.8.2.jar;C:\Users\charlie\.m2\repository\org\opentest4j\opentest4j\1.2.0\opentest4j-1.2.0.jar;C:\Users\charlie\.m2\repository\org\junit\platform\junit-platform-commons\1.8.2\junit-platform-commons-1.8.2.jar;C:\Users\charlie\.m2\repository\org\apiguardian\apiguardian-api\1.1.2\apiguardian-api-1.1.2.jar;C:\Users\charlie\.m2\repository\org\mockito\mockito-junit-jupiter\4.5.1\mockito-junit-jupiter-4.5.1.jar;C:\Users\charlie\.m2\repository\org\mockito\mockito-core\4.5.1\mockito-core-4.5.1.jar;C:\Users\charlie\.m2\repository\net\bytebuddy\byte-buddy\1.12.9\byte-buddy-1.12.9.jar;C:\Users\charlie\.m2\repository\net\bytebuddy\byte-buddy-agent\1.12.9\byte-buddy-agent-1.12.9.jar;C:\Users\charlie\.m2\repository\org\objenesis\objenesis\3.2\objenesis-3.2.jar;"/>
    <property name="sun.cpu.endian" value="little"/>
    <property name="user.home" value="C:\Users\charlie"/>
    <property name="user.language" value="en"/>
    <property name="java.specification.vendor" value="Oracle Corporation"/>
    <property name="jdk.module.path" value="D:\JAVA\UdaSecurity\Security\target\classes;C:\Users\charlie\.m2\repository\com\google\guava\guava\31.1-jre\guava-31.1-jre.jar;C:\Users\charlie\.m2\repository\com\google\code\gson\gson\2.9.0\gson-2.9.0.jar;C:\Users\charlie\.m2\repository\com\miglayout\miglayout-swing\11.0\miglayout-swing-11.0.jar;C:\Users\charlie\.m2\repository\com\miglayout\miglayout-core\11.0\miglayout-core-11.0.jar;C:\Users\charlie\.m2\repository\org\example\Image\1.0-SNAPSHOT\Image-1.0-SNAPSHOT.jar;C:\Users\charlie\.m2\repository\org\slf4j\slf4j-api\2.0.0-alpha7\slf4j-api-2.0.0-alpha7.jar;C:\Users\charlie\.m2\repository\software\amazon\awssdk\auth\2.17.198\auth-2.17.198.jar;C:\Users\charlie\.m2\repository\software\amazon\awssdk\sdk-core\2.17.198\sdk-core-2.17.198.jar;C:\Users\charlie\.m2\repository\software\amazon\awssdk\regions\2.17.198\regions-2.17.198.jar;C:\Users\charlie\.m2\repository\software\amazon\awssdk\rekognition\2.17.198\rekognition-2.17.198.jar"/>
    <property name="java.version.date" value="2020-07-14"/>
    <property name="java.home" value="C:\Program Files\Java\jdk-14.0.2"/>
    <property name="file.separator" value="\"/>
    <property name="basedir" value="D:\JAVA\UdaSecurity\Security"/>
    <property name="java.vm.compressedOopsMode" value="Zero based"/>
    <property name="line.separator" value="&#10;"/>
    <property name="java.vm.specification.vendor" value="Oracle Corporation"/>
    <property name="java.specification.name" value="Java Platform API Specification"/>
    <property name="surefire.real.class.path" value="C:\Users\charlie\.m2\repository\org\apache\maven\surefire\surefire-booter\3.0.0-M6\surefire-booter-3.0.0-M6.jar;C:\Users\charlie\.m2\repository\org\apache\maven\surefire\surefire-api\3.0.0-M6\surefire-api-3.0.0-M6.jar;C:\Users\charlie\.m2\repository\org\apache\maven\surefire\surefire-logger-api\3.0.0-M6\surefire-logger-api-3.0.0-M6.jar;C:\Users\charlie\.m2\repository\org\apache\maven\surefire\surefire-shared-utils\3.0.0-M6\surefire-shared-utils-3.0.0-M6.jar;C:\Users\charlie\.m2\repository\org\apache\maven\surefire\surefire-extensions-spi\3.0.0-M6\surefire-extensions-spi-3.0.0-M6.jar;D:\JAVA\UdaSecurity\Security\target\test-classes;C:\Users\charlie\.m2\repository\com\google\guava\failureaccess\1.0.1\failureaccess-1.0.1.jar;C:\Users\charlie\.m2\repository\com\google\guava\listenablefuture\9999.0-empty-to-avoid-conflict-with-guava\listenablefuture-9999.0-empty-to-avoid-conflict-with-guava.jar;C:\Users\charlie\.m2\repository\com\google\code\findbugs\jsr305\3.0.2\jsr305-3.0.2.jar;C:\Users\charlie\.m2\repository\org\checkerframework\checker-qual\3.12.0\checker-qual-3.12.0.jar;C:\Users\charlie\.m2\repository\com\google\errorprone\error_prone_annotations\2.11.0\error_prone_annotations-2.11.0.jar;C:\Users\charlie\.m2\repository\com\google\j2objc\j2objc-annotations\1.3\j2objc-annotations-1.3.jar;C:\Users\charlie\.m2\repository\software\amazon\awssdk\annotations\2.17.198\annotations-2.17.198.jar;C:\Users\charlie\.m2\repository\software\amazon\awssdk\utils\2.17.198\utils-2.17.198.jar;C:\Users\charlie\.m2\repository\org\reactivestreams\reactive-streams\1.0.3\reactive-streams-1.0.3.jar;C:\Users\charlie\.m2\repository\software\amazon\awssdk\profiles\2.17.198\profiles-2.17.198.jar;C:\Users\charlie\.m2\repository\software\amazon\awssdk\http-client-spi\2.17.198\http-client-spi-2.17.198.jar;C:\Users\charlie\.m2\repository\software\amazon\awssdk\json-utils\2.17.198\json-utils-2.17.198.jar;C:\Users\charlie\.m2\repository\software\amazon\awssdk\third-party-jackson-core\2.17.198\third-party-jackson-core-2.17.198.jar;C:\Users\charlie\.m2\repository\software\amazon\eventstream\eventstream\1.0.1\eventstream-1.0.1.jar;C:\Users\charlie\.m2\repository\software\amazon\awssdk\protocol-core\2.17.198\protocol-core-2.17.198.jar;C:\Users\charlie\.m2\repository\software\amazon\awssdk\aws-json-protocol\2.17.198\aws-json-protocol-2.17.198.jar;C:\Users\charlie\.m2\repository\software\amazon\awssdk\aws-core\2.17.198\aws-core-2.17.198.jar;C:\Users\charlie\.m2\repository\software\amazon\awssdk\metrics-spi\2.17.198\metrics-spi-2.17.198.jar;C:\Users\charlie\.m2\repository\software\amazon\awssdk\apache-client\2.17.198\apache-client-2.17.198.jar;C:\Users\charlie\.m2\repository\org\apache\httpcomponents\httpclient\4.5.13\httpclient-4.5.13.jar;C:\Users\charlie\.m2\repository\commons-logging\commons-logging\1.2\commons-logging-1.2.jar;C:\Users\charlie\.m2\repository\commons-codec\commons-codec\1.11\commons-codec-1.11.jar;C:\Users\charlie\.m2\repository\org\apache\httpcomponents\httpcore\4.4.13\httpcore-4.4.13.jar;C:\Users\charlie\.m2\repository\software\amazon\awssdk\netty-nio-client\2.17.198\netty-nio-client-2.17.198.jar;C:\Users\charlie\.m2\repository\io\netty\netty-codec-http\4.1.77.Final\netty-codec-http-4.1.77.Final.jar;C:\Users\charlie\.m2\repository\io\netty\netty-codec-http2\4.1.77.Final\netty-codec-http2-4.1.77.Final.jar;C:\Users\charlie\.m2\repository\io\netty\netty-codec\4.1.77.Final\netty-codec-4.1.77.Final.jar;C:\Users\charlie\.m2\repository\io\netty\netty-transport\4.1.77.Final\netty-transport-4.1.77.Final.jar;C:\Users\charlie\.m2\repository\io\netty\netty-resolver\4.1.77.Final\netty-resolver-4.1.77.Final.jar;C:\Users\charlie\.m2\repository\io\netty\netty-common\4.1.77.Final\netty-common-4.1.77.Final.jar;C:\Users\charlie\.m2\repository\io\netty\netty-buffer\4.1.77.Final\netty-buffer-4.1.77.Final.jar;C:\Users\charlie\.m2\repository\io\netty\netty-handler\4.1.77.Final\netty-handler-4.1.77.Final.jar;C:\Users\charlie\.m2\repository\io\netty\netty-transport-classes-epoll\4.1.77.Final\netty-transport-classes-epoll-4.1.77.Final.jar;C:\Users\charlie\.m2\repository\io\netty\netty-transport-native-unix-common\4.1.77.Final\netty-transport-native-unix-common-4.1.77.Final.jar;C:\Users\charlie\.m2\repository\com\typesafe\netty\netty-reactive-streams-http\2.0.5\netty-reactive-streams-http-2.0.5.jar;C:\Users\charlie\.m2\repository\com\typesafe\netty\netty-reactive-streams\2.0.5\netty-reactive-streams-2.0.5.jar;C:\Users\charlie\.m2\repository\org\junit\jupiter\junit-jupiter-params\5.8.2\junit-jupiter-params-5.8.2.jar;C:\Users\charlie\.m2\repository\org\junit\jupiter\junit-jupiter-api\5.8.2\junit-jupiter-api-5.8.2.jar;C:\Users\charlie\.m2\repository\org\opentest4j\opentest4j\1.2.0\opentest4j-1.2.0.jar;C:\Users\charlie\.m2\repository\org\junit\platform\junit-platform-commons\1.8.2\junit-platform-commons-1.8.2.jar;C:\Users\charlie\.m2\repository\org\apiguardian\apiguardian-api\1.1.2\apiguardian-api-1.1.2.jar;C:\Users\charlie\.m2\repository\org\mockito\mockito-junit-jupiter\4.5.1\mockito-junit-jupiter-4.5.1.jar;C:\Users\charlie\.m2\repository\org\mockito\mockito-core\4.5.1\mockito-core-4.5.1.jar;C:\Users\charlie\.m2\repository\net\bytebuddy\byte-buddy\1.12.9\byte-buddy-1.12.9.jar;C:\Users\charlie\.m2\repository\net\bytebuddy\byte-buddy-agent\1.12.9\byte-buddy-agent-1.12.9.jar;C:\Users\charlie\.m2\repository\org\objenesis\objenesis\3.2\objenesis-3.2.jar;C:\Users\charlie\.m2\repository\org\apache\maven\surefire\surefire-junit-platform\3.0.0-M6\surefire-junit-platform-3.0.0-M6.jar;C:\Users\charlie\.m2\repository\org\apache\maven\surefire\common-java5\3.0.0-M6\common-java5-3.0.0-M6.jar;C:\Users\charlie\.m2\repository\org\junit\platform\junit-platform-launcher\1.8.2\junit-platform-launcher-1.8.2.jar;C:\Users\charlie\.m2\repository\org\junit\platform\junit-platform-engine\1.8.2\junit-platform-engine-1.8.2.jar;C:\Users\charlie\.m2\repository\org\junit\jupiter\junit-jupiter-engine\5.8.2\junit-jupiter-engine-5.8.2.jar"/>
    <property name="user.script" value=""/>
    <property name="sun.management.compiler" value="HotSpot 64-Bit Tiered Compilers"/>
    <property name="java.runtime.version" value="14.0.2+12-46"/>
    <property name="user.name" value="charlie"/>
    <property name="path.separator" value=";"/>
    <property name="os.version" value="10.0"/>
    <property name="java.runtime.name" value="Java(TM) SE Runtime Environment"/>
    <property name="file.encoding" value="GBK"/>
    <property name="java.vm.name" value="Java HotSpot(TM) 64-Bit Server VM"/>
    <property name="localRepository" value="C:\Users\charlie\.m2\repository"/>
    <property name="java.vendor.url.bug" value="https://bugreport.java.com/bugreport/"/>
    <property name="java.io.tmpdir" value="C:\Users\charlie\AppData\Local\Temp\"/>
    <property name="idea.version" value="2021.3.1"/>
    <property name="java.version" value="14.0.2"/>
    <property name="user.dir" value="D:\JAVA\UdaSecurity\Security"/>
    <property name="os.arch" value="amd64"/>
    <property name="java.vm.specification.name" value="Java Virtual Machine Specification"/>
    <property name="user.language.format" value="zh"/>
    <property name="sun.os.patch.level" value=""/>
    <property name="java.library.path" value="C:\Program Files\Java\jdk-14.0.2\bin;C:\WINDOWS\Sun\Java\bin;C:\WINDOWS\system32;C:\WINDOWS;C:\Program Files\Java\jdk-14.0.2\bin;C:\Program Files\Maven\apache-maven-3.8.4\bin;C:\Windows\system32;C:\Windows;C:\Windows\System32\Wbem;C:\Windows\System32\WindowsPowerShell\v1.0\;C:\Windows\System32\OpenSSH\;C:\Program Files (x86)\NVIDIA Corporation\PhysX\Common;C:\Program Files\NVIDIA Corporation\NVIDIA NvDLISR;C:\Program Files\Wolfram Research\WolframScript\;C:\WINDOWS\system32;C:\WINDOWS;C:\WINDOWS\System32\Wbem;C:\WINDOWS\System32\WindowsPowerShell\v1.0\;C:\WINDOWS\System32\OpenSSH\;C:\Program Files\Inkscape\bin;D:\putty\;C:\Program Files\dotnet\;C:\Program Files\Git\cmd;C:\Users\charlie\AppData\Local\Programs\Python\Python310\Scripts\;C:\Users\charlie\AppData\Local\Programs\Python\Python310\;C:\Users\charlie\AppData\Local\Programs\Python\Launcher\;C:\Users\charlie\AppData\Local\Microsoft\WindowsApps;C:\Users\charlie\AppData\Local\GitHubDesktop\bin;."/>
    <property name="java.vm.info" value="mixed mode"/>
    <property name="java.vendor" value="Oracle Corporation"/>
    <property name="java.vm.version" value="14.0.2+12-46"/>
    <property name="sun.io.unicode.encoding" value="UnicodeLittle"/>
    <property name="java.class.version" value="58.0"/>
  </properties>
  <testcase name="changeSensorActivationStatus_pendingAlarmAndInactiveSensor_statusNOAlarm3" classname="org.example.SecurityService.SecurityServiceTest" time="0.421"/>
  <testcase name="IfArmed_resetAllSensorsToInactive10(ArmingStatus)[1]" classname="org.example.SecurityService.SecurityServiceTest" time="0.015"/>
  <testcase name="IfArmed_resetAllSensorsToInactive10(ArmingStatus)[2]" classname="org.example.SecurityService.SecurityServiceTest" time="0.003"/>
  <testcase name="SetArmingStatus_systemArmAndCatDetected_updateSensor" classname="org.example.SecurityService.SecurityServiceTest" time="0.004"/>
  <testcase name="IfArmedHomeAnd_showCat_statusAlarm11" classname="org.example.SecurityService.SecurityServiceTest" time="0.003"/>
  <testcase name="SetDisArmed_disarmed_statusNoAlarm9" classname="org.example.SecurityService.SecurityServiceTest" time="0.001"/>
  <testcase name="changeSensorActivationStatus_alarmActive_statusNOAffect4(boolean)[1]" classname="org.example.SecurityService.SecurityServiceTest" time="0.003"/>
  <testcase name="changeSensorActivationStatus_alarmActive_statusNOAffect4(boolean)[2]" classname="org.example.SecurityService.SecurityServiceTest" time="0.002"/>
  <testcase name="changeSensorStatusWithAlarms(AlarmStatus, SensorType, Boolean)[1]" classname="org.example.SecurityService.SecurityServiceTest" time="0.004"/>
  <testcase name="changeSensorStatusWithAlarms(AlarmStatus, SensorType, Boolean)[2]" classname="org.example.SecurityService.SecurityServiceTest" time="0.004"/>
  <testcase name="changeSensorStatusWithAlarms(AlarmStatus, SensorType, Boolean)[3]" classname="org.example.SecurityService.SecurityServiceTest" time="0.004"/>
  <testcase name="changeSensorStatusWithAlarms(AlarmStatus, SensorType, Boolean)[4]" classname="org.example.SecurityService.SecurityServiceTest" time="0.002"/>
  <testcase name="changeSensorStatusWithAlarms(AlarmStatus, SensorType, Boolean)[5]" classname="org.example.SecurityService.SecurityServiceTest" time="0.003"/>
  <testcase name="changeSensorStatusWithAlarms(AlarmStatus, SensorType, Boolean)[6]" classname="org.example.SecurityService.SecurityServiceTest" time="0.002"/>
  <testcase name="changeSensorActivationStatus_alreadyDeactivatedSensorDeactivated_noAlarmStatus6(AlarmStatus)[1]" classname="org.example.SecurityService.SecurityServiceTest" time="0.001"/>
  <testcase name="changeSensorActivationStatus_alreadyDeactivatedSensorDeactivated_noAlarmStatus6(AlarmStatus)[2]" classname="org.example.SecurityService.SecurityServiceTest" time="0.001"/>
  <testcase name="changeSensorActivationStatus_alreadyDeactivatedSensorDeactivated_noAlarmStatus6(AlarmStatus)[3]" classname="org.example.SecurityService.SecurityServiceTest" time="0.002"/>
  <testcase name="processImage_containingCatAndArmedHome_alarmStatus7" classname="org.example.SecurityService.SecurityServiceTest" time="0.002"/>
  <testcase name="changeSensorActivationStatus_ArmedAndActivated_statusPending1" classname="org.example.SecurityService.SecurityServiceTest" time="0.001"/>
  <testcase name="processImage_NoCatSensorAndInactive_statusNOAlarm8" classname="org.example.SecurityService.SecurityServiceTest" time="0.002"/>
  <testcase name="setArmingStatus(ArmingStatus)[1]" classname="org.example.SecurityService.SecurityServiceTest" time="0.002"/>
  <testcase name="setArmingStatus(ArmingStatus)[2]" classname="org.example.SecurityService.SecurityServiceTest" time="0.001"/>
  <testcase name="setArmingStatus(ArmingStatus)[3]" classname="org.example.SecurityService.SecurityServiceTest" time="0.001"/>
  <testcase name="changeSensorActivationStatus_alarmActiveAgainAndPendingState_statusAlarmState5" classname="org.example.SecurityService.SecurityServiceTest" time="0.002"/>
  <testcase name="changeSensorActivationStatus_ArmedAndActivatedAndpendingAlarm_statusAlarm2" classname="org.example.SecurityService.SecurityServiceTest" time="0.002"/>
</testsuite>